[DEBUG][2016-07-02 18:27:24,780][com.sirding.parse.AnnotationParse]class java.lang.String
[DEBUG][2016-07-02 18:29:01,148][com.sirding.parse.AnnotationParse]className=class java.lang.String
[DEBUG][2016-07-02 18:29:01,155][com.sirding.parse.AnnotationParse]last . index is -1
[DEBUG][2016-07-02 18:29:27,191][com.sirding.parse.AnnotationParse]className=class java.lang.String
[DEBUG][2016-07-02 18:29:27,198][com.sirding.parse.AnnotationParse]last . index is -1
[DEBUG][2016-07-02 18:29:27,199][com.sirding.parse.AnnotationParse]className=class java.lang.String
[DEBUG][2016-07-02 18:29:27,199][com.sirding.parse.AnnotationParse]last . index is -1
[INFO][2016-07-02 18:29:27,200][com.sirding.TestAopLogs]测试用户[zc.ding],其密码为[jtsec]测试用户[zc.ding],其密码为[jtsec]
[INFO][2016-07-02 18:29:27,200][com.sirding.TestAopLogs]okok......
[INFO][2016-07-02 18:34:32,443][com.sirding.TestAopLogs]测试用户[zc.ding],其密码为[jtsec]
[INFO][2016-07-02 18:34:32,453][com.sirding.TestAopLogs]okok......
[INFO][2016-07-02 18:40:55,194][com.sirding.TestAopLogs]
[INFO][2016-07-02 18:40:55,202][com.sirding.TestAopLogs]okok......
[INFO][2016-07-02 18:40:55,203][com.sirding.TestAopLogs]测试test2...okok...
[INFO][2016-07-02 18:42:11,757][com.sirding.TestAopLogs]
[INFO][2016-07-02 18:42:11,763][com.sirding.TestAopLogs]okok......
[INFO][2016-07-02 18:42:11,764][com.sirding.TestAopLogs]测试test2...okok...
[INFO][2016-07-02 18:43:45,110][com.sirding.TestAopLogs]-null
[INFO][2016-07-02 18:43:45,115][com.sirding.TestAopLogs]okok......
[INFO][2016-07-02 18:43:45,116][com.sirding.TestAopLogs]测试test2...okok...
[INFO][2016-07-02 18:45:53,082][com.sirding.TestAopLogs]-name:old_zc.ding,pwd:old_pwd
[INFO][2016-07-02 18:45:53,090][com.sirding.TestAopLogs]okok......
[INFO][2016-07-02 18:45:53,090][com.sirding.TestAopLogs]测试test2...okok...
[DEBUG][2016-07-02 18:50:44,368][com.sirding.TestAopLogs]
[DEBUG][2016-07-02 18:50:44,380][com.sirding.TestAopLogs]okok......
[DEBUG][2016-07-02 18:50:44,380][com.sirding.TestAopLogs]测试test3...okok...
[DEBUG][2016-07-02 18:54:03,847][com.sirding.TestAopLogs]
[DEBUG][2016-07-02 18:54:03,858][com.sirding.TestAopLogs]okok......
[DEBUG][2016-07-02 18:54:03,859][com.sirding.TestAopLogs]测试test3...okok...
[DEBUG][2016-07-02 18:54:44,033][com.sirding.TestAopLogs]测试方法2用户[{0}],密码[{1}]
[DEBUG][2016-07-02 18:54:44,040][com.sirding.TestAopLogs]okok......
[DEBUG][2016-07-02 18:54:44,040][com.sirding.TestAopLogs]测试test3...okok...
[DEBUG][2016-07-02 18:58:57,194][com.sirding.TestAopLogs]测试方法3-zc.ding用户[{0}],密码[{1}]
[DEBUG][2016-07-02 18:58:58,430][com.sirding.TestAopLogs]okok......
[DEBUG][2016-07-02 18:59:00,086][com.sirding.TestAopLogs]测试test3...okok...
[DEBUG][2016-07-02 19:00:36,320][com.sirding.TestAopLogs]测试方法3-zc.ding用户[{0}],密码[{1}]
[DEBUG][2016-07-02 19:00:36,327][com.sirding.TestAopLogs]okok......
[DEBUG][2016-07-02 19:00:36,327][com.sirding.TestAopLogs]测试test3...okok...
[DEBUG][2016-07-02 19:02:12,888][com.sirding.TestAopLogs]测试方法3-zc.ding用户[zc.ding],密码[jtsec]
[DEBUG][2016-07-02 19:02:12,895][com.sirding.TestAopLogs]okok......
[DEBUG][2016-07-02 19:02:12,895][com.sirding.TestAopLogs]测试test3...okok...
[DEBUG][2016-07-02 19:02:38,955][com.sirding.TestAopLogs]测试方法3-sirding用户[sirding],密码[jtsec]
[DEBUG][2016-07-02 19:02:38,963][com.sirding.TestAopLogs]okok......
[DEBUG][2016-07-02 19:02:38,963][com.sirding.TestAopLogs]测试test3...okok...
[DEBUG][2016-07-02 19:12:20,934][com.sirding.TestAopLogs]测试test4-用户[${User.name}],密码[{User.pwd}]
[DEBUG][2016-07-02 19:12:20,940][com.sirding.TestAopLogs]okok......
[DEBUG][2016-07-02 19:12:20,941][com.sirding.TestAopLogs]测试test4...okok...
[DEBUG][2016-07-02 19:13:38,557][com.sirding.TestAopLogs]测试test4-用户[${User.name}],密码[{User.pwd}]
[DEBUG][2016-07-02 19:13:38,563][com.sirding.TestAopLogs]okok......
[DEBUG][2016-07-02 19:13:38,563][com.sirding.TestAopLogs]测试test4...okok...
[DEBUG][2016-07-02 19:27:06,994][com.sirding.TestAopLogs]测试test4-用户[${User.name}],密码[{User.pwd}]
[DEBUG][2016-07-02 19:27:07,003][com.sirding.TestAopLogs]okok......
[DEBUG][2016-07-02 19:27:07,004][com.sirding.TestAopLogs]测试test4...okok...
[DEBUG][2016-07-02 19:31:37,841][com.sirding.TestAopLogs]name
[DEBUG][2016-07-02 19:31:37,850][com.sirding.TestAopLogs]pwd
[DEBUG][2016-07-02 19:31:37,850][com.sirding.TestAopLogs]oldUser
[DEBUG][2016-07-02 19:31:37,850][com.sirding.TestAopLogs]$SWITCH_TABLE$com$sirding$enums$OperType
[DEBUG][2016-07-02 19:37:01,024][com.sirding.TestAopLogs]name
[DEBUG][2016-07-02 19:37:01,033][com.sirding.TestAopLogs]pwd
[DEBUG][2016-07-02 19:37:01,034][com.sirding.TestAopLogs]oldUser
[DEBUG][2016-07-02 19:37:01,035][com.sirding.TestAopLogs]$SWITCH_TABLE$com$sirding$enums$OperType
[DEBUG][2016-07-02 19:38:30,591][com.sirding.parse.AnnotationParse]{User.pwd}
[DEBUG][2016-07-02 19:42:37,880][com.sirding.TestAopLogs]$User.pwd
[DEBUG][2016-07-02 19:44:46,728][com.sirding.TestAopLogs]$User.pwd
[DEBUG][2016-07-02 19:44:46,739][com.sirding.TestAopLogs]abcd$User.pwd
[DEBUG][2016-07-02 19:46:11,935][com.sirding.TestAopLogs]$User.pwd$
[DEBUG][2016-07-02 19:46:11,944][com.sirding.TestAopLogs]abcd$User.pwd
[DEBUG][2016-07-02 19:47:37,484][com.sirding.TestAopLogs]$User.pwd$
[DEBUG][2016-07-02 19:47:37,495][com.sirding.TestAopLogs]abcd$User.pwd
[DEBUG][2016-07-02 19:48:00,912][com.sirding.TestAopLogs]$User.pwd$
[DEBUG][2016-07-02 19:48:00,922][com.sirding.TestAopLogs]abcd$User.pwd
[DEBUG][2016-07-02 19:48:00,923][com.sirding.TestAopLogs]aabb}
[DEBUG][2016-07-02 19:51:11,518][com.sirding.TestAopLogs]$User.pwd$
[DEBUG][2016-07-02 19:51:11,527][com.sirding.TestAopLogs]abcd$User.pwd
[DEBUG][2016-07-02 19:51:11,527][com.sirding.TestAopLogs]aabb}
[DEBUG][2016-07-02 19:51:49,704][com.sirding.TestAopLogs]$User.pwd$
[DEBUG][2016-07-02 19:51:49,713][com.sirding.TestAopLogs]aa$User.pwd
[DEBUG][2016-07-02 19:51:49,713][com.sirding.TestAopLogs]aabb}
[DEBUG][2016-07-02 19:52:19,188][com.sirding.TestAopLogs]$User.pwd$
[DEBUG][2016-07-02 19:52:19,197][com.sirding.TestAopLogs]abcdaa
[DEBUG][2016-07-02 19:52:19,197][com.sirding.TestAopLogs]aabb}
[DEBUG][2016-07-02 19:52:58,719][com.sirding.TestAopLogs]$User.pwd
[DEBUG][2016-07-02 19:52:58,727][com.sirding.TestAopLogs]abcdaa
[DEBUG][2016-07-02 19:52:58,728][com.sirding.TestAopLogs]aabb}
[DEBUG][2016-07-02 19:53:49,652][com.sirding.TestAopLogs]\$User.pwd
[DEBUG][2016-07-02 19:53:49,662][com.sirding.TestAopLogs]abcdaa
[DEBUG][2016-07-02 19:53:49,662][com.sirding.TestAopLogs]aabb}
[DEBUG][2016-07-02 19:54:19,598][com.sirding.TestAopLogs]\$User.pwd
[DEBUG][2016-07-02 19:54:19,609][com.sirding.TestAopLogs]abcdaa
[DEBUG][2016-07-02 19:54:19,610][com.sirding.TestAopLogs]aabb}
[DEBUG][2016-07-02 19:55:29,211][com.sirding.parse.AnnotationParse]{User.pwd}
[DEBUG][2016-07-02 19:57:07,953][com.sirding.parse.AnnotationParse]{User.pwd}
[DEBUG][2016-07-02 19:57:07,959][com.sirding.TestAopLogs]测试test4-用户[${User.name}],密码[{User.pwd}]
[DEBUG][2016-07-02 19:57:07,960][com.sirding.TestAopLogs]okok......
[DEBUG][2016-07-02 19:57:07,960][com.sirding.TestAopLogs]测试test4...okok...
[DEBUG][2016-07-02 19:57:58,107][com.sirding.parse.AnnotationParse]{User.pwd}
[DEBUG][2016-07-02 19:57:58,117][com.sirding.TestAopLogs]测试test4-用户[${User.name}],密码[jtsec]
[DEBUG][2016-07-02 19:57:58,117][com.sirding.TestAopLogs]okok......
[DEBUG][2016-07-02 19:57:58,117][com.sirding.TestAopLogs]测试test4...okok...
[DEBUG][2016-07-02 19:58:49,584][com.sirding.parse.AnnotationParse]{User.pwd}
[DEBUG][2016-07-02 19:58:49,593][com.sirding.TestAopLogs]测试test4-用户[${User.name}],密码[{User.pwd}]
[DEBUG][2016-07-02 19:58:49,593][com.sirding.TestAopLogs]okok......
[DEBUG][2016-07-02 19:58:49,594][com.sirding.TestAopLogs]测试test4...okok...
[DEBUG][2016-07-02 20:01:05,460][com.sirding.parse.AnnotationParse]{User.pwd}
[DEBUG][2016-07-02 20:01:15,337][com.sirding.TestAopLogs]测试test4-用户[${User.name}],密码[jtsec]
[DEBUG][2016-07-02 20:01:15,337][com.sirding.TestAopLogs]okok......
[DEBUG][2016-07-02 20:01:15,338][com.sirding.TestAopLogs]测试test4...okok...
[DEBUG][2016-07-02 20:01:28,666][com.sirding.parse.AnnotationParse]{User.pwd}
[DEBUG][2016-07-02 20:01:28,674][com.sirding.TestAopLogs]测试test4-用户[${User.name}],密码[jtsec]
[DEBUG][2016-07-02 20:01:28,675][com.sirding.TestAopLogs]okok......
[DEBUG][2016-07-02 20:01:28,675][com.sirding.TestAopLogs]测试test4...okok...
[DEBUG][2016-07-02 20:03:32,250][com.sirding.parse.AnnotationParse]{User.pwd}
[DEBUG][2016-07-02 20:03:32,266][com.sirding.TestAopLogs]测试test4-用户[${User.name}],密码[jtsec]
[DEBUG][2016-07-02 20:03:32,267][com.sirding.TestAopLogs]okok......
[DEBUG][2016-07-02 20:03:32,267][com.sirding.TestAopLogs]测试test4...okok...
[DEBUG][2016-07-02 20:06:09,951][com.sirding.TestAopLogs]测试test4-用户[${User.name}],密码[{User.pwd}]
[DEBUG][2016-07-02 20:06:09,960][com.sirding.TestAopLogs]okok......
[DEBUG][2016-07-02 20:06:09,961][com.sirding.TestAopLogs]测试test4...okok...
[DEBUG][2016-07-02 20:13:46,299][com.sirding.parse.AnnotationParse]{User.pwd}
[DEBUG][2016-07-02 20:13:46,309][com.sirding.parse.AnnotationParse]${User.name}
[DEBUG][2016-07-02 20:13:46,310][com.sirding.TestAopLogs]测试test4-用户[zc.ding],密码[jtsec]
[DEBUG][2016-07-02 20:13:46,310][com.sirding.TestAopLogs]okok......
[DEBUG][2016-07-02 20:13:46,311][com.sirding.TestAopLogs]测试test4...okok...
[DEBUG][2016-07-02 20:14:06,262][com.sirding.TestAopLogs]测试test4-用户[zc.ding],密码[jtsec]
[DEBUG][2016-07-02 20:14:06,273][com.sirding.TestAopLogs]okok......
[DEBUG][2016-07-02 20:14:06,273][com.sirding.TestAopLogs]测试test4...okok...
[DEBUG][2016-07-02 20:14:25,633][com.sirding.TestAopLogs]测试test4-用户[zc.ding],密码[jtsec]
[DEBUG][2016-07-02 20:14:25,641][com.sirding.TestAopLogs]okok......
[DEBUG][2016-07-02 20:14:25,641][com.sirding.TestAopLogs]测试test4...okok...
[DEBUG][2016-07-04 10:23:14,043][com.sirding.TestAopLogs]
[DEBUG][2016-07-04 10:23:14,084][com.sirding.TestAopLogs]okok......
[DEBUG][2016-07-04 10:24:24,246][com.sirding.TestAopLogs]
[DEBUG][2016-07-04 10:24:24,254][com.sirding.TestAopLogs]okok......
[DEBUG][2016-07-04 10:24:24,254][com.sirding.TestAopLogs]测试test5...okok...
[DEBUG][2016-07-04 10:28:57,776][com.sirding.TestAopLogs]
[DEBUG][2016-07-04 10:28:57,788][com.sirding.TestAopLogs]okok......
[DEBUG][2016-07-04 10:28:57,788][com.sirding.TestAopLogs]测试test5...okok...
[DEBUG][2016-07-04 10:30:54,353][com.sirding.TestAopLogs]
[DEBUG][2016-07-04 10:30:54,361][com.sirding.TestAopLogs]okok......
[DEBUG][2016-07-04 10:30:54,362][com.sirding.TestAopLogs]测试test5...okok...
[DEBUG][2016-07-04 10:31:44,051][com.sirding.TestAopLogs]
[DEBUG][2016-07-04 10:31:44,056][com.sirding.TestAopLogs]okok......
[DEBUG][2016-07-04 10:31:44,056][com.sirding.TestAopLogs]测试test5...okok...
[DEBUG][2016-07-04 10:36:46,977][com.sirding.TestAopLogs]
[DEBUG][2016-07-04 10:36:46,988][com.sirding.TestAopLogs]okok......
[DEBUG][2016-07-04 10:36:46,989][com.sirding.TestAopLogs]测试test5...okok...
[DEBUG][2016-07-04 10:38:38,042][com.sirding.TestAopLogs]
[DEBUG][2016-07-04 10:38:38,051][com.sirding.TestAopLogs]okok......
[DEBUG][2016-07-04 10:38:38,051][com.sirding.TestAopLogs]测试test5...okok...
[DEBUG][2016-07-04 10:39:32,060][com.sirding.TestAopLogs]测试方法5用户[zc.ding],密码[jtsec]
[DEBUG][2016-07-04 10:39:32,066][com.sirding.TestAopLogs]okok......
[DEBUG][2016-07-04 10:39:32,067][com.sirding.TestAopLogs]测试test5...okok...
[DEBUG][2016-07-04 10:40:16,780][com.sirding.TestAopLogs]测试方法5用户[sirding],密码[yrtz]
[DEBUG][2016-07-04 10:40:16,790][com.sirding.TestAopLogs]okok......
[DEBUG][2016-07-04 10:40:16,790][com.sirding.TestAopLogs]测试test5...okok...
[DEBUG][2016-07-04 10:57:43,406][com.sirding.TestAopLogs]
[DEBUG][2016-07-04 10:57:43,414][com.sirding.TestAopLogs]okok......
[DEBUG][2016-07-04 10:57:43,415][com.sirding.TestAopLogs]测试test6...okok...
[DEBUG][2016-07-04 10:58:31,663][com.sirding.TestAopLogs]
[DEBUG][2016-07-04 10:58:31,675][com.sirding.TestAopLogs]okok......
[DEBUG][2016-07-04 10:58:31,676][com.sirding.TestAopLogs]测试test6...okok...
[DEBUG][2016-07-04 11:03:59,482][com.sirding.TestAopLogs]
[DEBUG][2016-07-04 11:03:59,491][com.sirding.TestAopLogs]okok......
[DEBUG][2016-07-04 11:03:59,492][com.sirding.TestAopLogs]测试test6...okok...
[DEBUG][2016-07-04 11:05:58,022][com.sirding.TestAopLogs]测试方法6用户[zc.ding],密码[jtsec]
[DEBUG][2016-07-04 11:05:58,032][com.sirding.TestAopLogs]okok......
[DEBUG][2016-07-04 11:05:58,032][com.sirding.TestAopLogs]测试test6...okok...
[DEBUG][2016-07-04 11:06:34,908][com.sirding.TestAopLogs]测试方法6用户[zc.ding],密码[jtsec]
[DEBUG][2016-07-04 11:06:34,919][com.sirding.TestAopLogs]okok......
[DEBUG][2016-07-04 11:06:34,920][com.sirding.TestAopLogs]测试test6...okok...
[DEBUG][2016-07-04 11:06:48,306][com.sirding.TestAopLogs]测试方法6用户[zc.ding],密码[jtsec]
[DEBUG][2016-07-04 11:06:48,320][com.sirding.TestAopLogs]okok......
[DEBUG][2016-07-04 11:06:48,320][com.sirding.TestAopLogs]测试test6...okok...
[DEBUG][2016-07-04 11:08:15,903][com.sirding.TestAopLogs]测试方法6用户[zc.ding],密码[jtsec]
[DEBUG][2016-07-04 11:08:15,915][com.sirding.TestAopLogs]okok......
[DEBUG][2016-07-04 11:08:15,915][com.sirding.TestAopLogs]测试test6...okok...
[DEBUG][2016-07-04 11:13:20,898][com.sirding.TestAopLogs]测试方法6用户[zc.ding],密码[jtsec]
[DEBUG][2016-07-04 11:13:20,904][com.sirding.TestAopLogs]okok......
[DEBUG][2016-07-04 11:13:20,905][com.sirding.TestAopLogs]测试test6...okok...
[DEBUG][2016-07-04 11:14:22,113][com.sirding.TestAopLogs]测试方法6用户[zc.ding_aa],密码[jtsec_aa]
[DEBUG][2016-07-04 11:14:22,118][com.sirding.TestAopLogs]okok......
[DEBUG][2016-07-04 11:14:22,118][com.sirding.TestAopLogs]测试test6...okok...
